# JRE version: OpenJDK Runtime Environment (8.0_102-b14) (build 1.8.0_102-8u102-b14.1-2-b14)
# Java VM: OpenJDK 64-Bit Server VM (25.102-b14 mixed mode linux-amd64 compressed oops)
Heap:
 garbage-first heap   total 262144K, used 153668K [0x00000000c0000000, 0x00000000c0100800, 0x0000000100000000)
  region size 1024K, 112 young (114688K), 20 survivors (20480K)
 Metaspace       used 64623K, capacity 69874K, committed 70272K, reserved 1110016K
  class space    used 7440K, capacity 9037K, committed 9088K, reserved 1048576K
GC Heap History (10 events):
Event: 3.854 GC heap before
{Heap before GC invocations=3 (full 0):
 garbage-first heap   total 262144K, used 30720K [0x00000000c0000000, 0x00000000c0100800, 0x0000000100000000)
  region size 1024K, 12 young (12288K), 2 survivors (2048K)
 Metaspace       used 8562K, capacity 8694K, committed 8832K, reserved 1056768K
  class space    used 866K, capacity 895K, committed 896K, reserved 1048576K
Event: 3.866 GC heap after
Heap after GC invocations=4 (full 0):
 garbage-first heap   total 262144K, used 24629K [0x00000000c0000000, 0x00000000c0100800, 0x0000000100000000)
  region size 1024K, 2 young (2048K), 2 survivors (2048K)
 Metaspace       used 8562K, capacity 8694K, committed 8832K, reserved 1056768K
  class space    used 866K, capacity 895K, committed 896K, reserved 1048576K
}
Event: 4.541 GC heap before
{Heap before GC invocations=4 (full 0):
 garbage-first heap   total 262144K, used 39989K [0x00000000c0000000, 0x00000000c0100800, 0x0000000100000000)
  region size 1024K, 17 young (17408K), 2 survivors (2048K)
 Metaspace       used 10181K, capacity 10838K, committed 11008K, reserved 1058816K
  class space    used 1016K, capacity 1163K, committed 1280K, reserved 1048576K
Event: 4.547 GC heap after
Heap after GC invocations=5 (full 0):
 garbage-first heap   total 262144K, used 25560K [0x00000000c0000000, 0x00000000c0100800, 0x0000000100000000)
  region size 1024K, 3 young (3072K), 3 survivors (3072K)
 Metaspace       used 10181K, capacity 10838K, committed 11008K, reserved 1058816K
  class space    used 1016K, capacity 1163K, committed 1280K, reserved 1048576K
}
Event: 8.918 GC heap before
{Heap before GC invocations=5 (full 0):
 garbage-first heap   total 262144K, used 137489K [0x00000000c0000000, 0x00000000c0100800, 0x0000000100000000)
  region size 1024K, 44 young (45056K), 3 survivors (3072K)
 Metaspace       used 16980K, capacity 18484K, committed 18816K, reserved 1067008K
  class space    used 1649K, capacity 2080K, committed 2176K, reserved 1048576K
Event: 8.928 GC heap after
Heap after GC invocations=6 (full 0):
 garbage-first heap   total 262144K, used 32549K [0x00000000c0000000, 0x00000000c0100800, 0x0000000100000000)
  region size 1024K, 8 young (8192K), 8 survivors (8192K)
 Metaspace       used 16980K, capacity 18484K, committed 18816K, reserved 1067008K
  class space    used 1649K, capacity 2080K, committed 2176K, reserved 1048576K
}
Event: 13.515 GC heap before
{Heap before GC invocations=7 (full 0):
 garbage-first heap   total 262144K, used 78125K [0x00000000c0000000, 0x00000000c0100800, 0x0000000100000000)
  region size 1024K, 52 young (53248K), 8 survivors (8192K)
 Metaspace       used 28378K, capacity 31026K, committed 31360K, reserved 1077248K
  class space    used 3217K, capacity 3937K, committed 3968K, reserved 1048576K
Event: 13.550 GC heap after
Heap after GC invocations=8 (full 0):
 garbage-first heap   total 262144K, used 39631K [0x00000000c0000000, 0x00000000c0100800, 0x0000000100000000)
  region size 1024K, 18 young (18432K), 18 survivors (18432K)
 Metaspace       used 28378K, capacity 31026K, committed 31360K, reserved 1077248K
  class space    used 3217K, capacity 3937K, committed 3968K, reserved 1048576K
}
Event: 23.572 GC heap before
{Heap before GC invocations=9 (full 0):
 garbage-first heap   total 262144K, used 161487K [0x00000000c0000000, 0x00000000c0100800, 0x0000000100000000)
  region size 1024K, 138 young (141312K), 18 survivors (18432K)
 Metaspace       used 47519K, capacity 52382K, committed 52480K, reserved 1095680K
  class space    used 5415K, capacity 6894K, committed 6912K, reserved 1048576K
Event: 23.632 GC heap after
Heap after GC invocations=10 (full 0):
 garbage-first heap   total 262144K, used 59972K [0x00000000c0000000, 0x00000000c0100800, 0x0000000100000000)
  region size 1024K, 20 young (20480K), 20 survivors (20480K)
 Metaspace       used 47519K, capacity 52382K, committed 52480K, reserved 1095680K
  class space    used 5415K, capacity 6894K, committed 6912K, reserved 1048576K
}

